<?xml version="1.0" encoding="UTF-8"?>
<!-- Generated by org.testng.reporters.JUnitXMLReporter -->
<testsuite ignored="0" hostname="DESKTOP-TRBN7QG" failures="0" tests="7" name="Default test" time="532.823" errors="0" timestamp="2023-11-13T16:51:09 IST">
  <testcase classname="com.doctube.pages.HomepageApi" name="homeLink" time="129.137"/>
  <testcase classname="com.doctube.pages.HomepageApi" name="homeLink" time="19.101"/>
  <testcase classname="com.doctube.pages.HomepageApi" name="homeLink" time="102.758"/>
  <testcase classname="com.doctube.pages.HomepageApi" name="homeLink" time="188.318"/>
  <testcase classname="com.doctube.pages.HomepageApi" name="homeLink" time="23.708"/>
  <testcase classname="com.doctube.pages.HomepageApi" name="homeLink" time="32.499"/>
  <testcase classname="com.doctube.pages.HomepageApi" name="homeLink" time="37.233"/>
</testsuite> <!-- Default test -->
