<?xml version="1.0" encoding="UTF-8"?>
<!-- Generated by org.testng.reporters.JUnitXMLReporter -->
<testsuite ignored="0" hostname="DESKTOP-TRBN7QG" failures="0" tests="14" name="Test" time="429.827" errors="0" timestamp="2023-11-14T20:11:07 IST">
  <testcase classname="com.doctube.pages.TestUrl" name="fun" time="0.014"/>
  <testcase classname="com.doctube.pages.TestUrl" name="fun" time="0.003"/>
  <testcase classname="com.doctube.pages.TestUrl" name="fun" time="0.003"/>
  <testcase classname="com.doctube.pages.TestUrl" name="fun" time="0.004"/>
  <testcase classname="com.doctube.pages.TestUrl" name="fun" time="0.001"/>
  <testcase classname="com.doctube.pages.TestUrl" name="fun" time="0.009"/>
  <testcase classname="com.doctube.pages.TestUrl" name="fun" time="0.008"/>
  <testcase classname="com.doctube.pages.HomepageApi" name="homeLink" time="93.485"/>
  <testcase classname="com.doctube.pages.HomepageApi" name="homeLink" time="16.074"/>
  <testcase classname="com.doctube.pages.HomepageApi" name="homeLink" time="72.888"/>
  <testcase classname="com.doctube.pages.HomepageApi" name="homeLink" time="166.877"/>
  <testcase classname="com.doctube.pages.HomepageApi" name="homeLink" time="20.338"/>
  <testcase classname="com.doctube.pages.HomepageApi" name="homeLink" time="32.554"/>
  <testcase classname="com.doctube.pages.HomepageApi" name="homeLink" time="27.467"/>
</testsuite> <!-- Test -->
