<?xml version="1.0" encoding="UTF-8"?>
<testng-results ignored="0" total="14" passed="14" failed="0" skipped="0">
  <reporter-output>
  </reporter-output>
  <suite started-at="2023-11-14T20:03:57 IST" name="Suite" finished-at="2023-11-14T20:11:07 IST" duration-ms="429827">
    <groups>
    </groups>
    <test started-at="2023-11-14T20:03:57 IST" name="Test" finished-at="2023-11-14T20:11:07 IST" duration-ms="429827">
      <class name="com.doctube.pages.TestUrl">
        <test-method signature="fun(java.lang.String)[pri:0, instance:com.doctube.pages.TestUrl@21de60b4]" started-at="2023-11-14T20:03:57 IST" name="fun" data-provider="webUrl" finished-at="2023-11-14T20:03:57 IST" duration-ms="14" status="PASS">
          <params>
            <param index="0">
              <value>
                <![CDATA[https://www.doctube.com]]>
              </value>
            </param>
          </params>
          <reporter-output>
          </reporter-output>
        </test-method> <!-- fun -->
        <test-method signature="fun(java.lang.String)[pri:0, instance:com.doctube.pages.TestUrl@21de60b4]" started-at="2023-11-14T20:03:57 IST" name="fun" data-provider="webUrl" finished-at="2023-11-14T20:03:57 IST" duration-ms="3" status="PASS">
          <params>
            <param index="0">
              <value>
                <![CDATA[https://doctube.com/shorts]]>
              </value>
            </param>
          </params>
          <reporter-output>
          </reporter-output>
        </test-method> <!-- fun -->
        <test-method signature="fun(java.lang.String)[pri:0, instance:com.doctube.pages.TestUrl@21de60b4]" started-at="2023-11-14T20:03:57 IST" name="fun" data-provider="webUrl" finished-at="2023-11-14T20:03:57 IST" duration-ms="3" status="PASS">
          <params>
            <param index="0">
              <value>
                <![CDATA[https://doctube.com/explore]]>
              </value>
            </param>
          </params>
          <reporter-output>
          </reporter-output>
        </test-method> <!-- fun -->
        <test-method signature="fun(java.lang.String)[pri:0, instance:com.doctube.pages.TestUrl@21de60b4]" started-at="2023-11-14T20:03:57 IST" name="fun" data-provider="webUrl" finished-at="2023-11-14T20:03:57 IST" duration-ms="4" status="PASS">
          <params>
            <param index="0">
              <value>
                <![CDATA[https://doctube.com/channels]]>
              </value>
            </param>
          </params>
          <reporter-output>
          </reporter-output>
        </test-method> <!-- fun -->
        <test-method signature="fun(java.lang.String)[pri:0, instance:com.doctube.pages.TestUrl@21de60b4]" started-at="2023-11-14T20:03:57 IST" name="fun" data-provider="webUrl" finished-at="2023-11-14T20:03:57 IST" duration-ms="1" status="PASS">
          <params>
            <param index="0">
              <value>
                <![CDATA[https://doctube.com/dr-anurag-singh-thakur]]>
              </value>
            </param>
          </params>
          <reporter-output>
          </reporter-output>
        </test-method> <!-- fun -->
        <test-method signature="fun(java.lang.String)[pri:0, instance:com.doctube.pages.TestUrl@21de60b4]" started-at="2023-11-14T20:03:57 IST" name="fun" data-provider="webUrl" finished-at="2023-11-14T20:03:57 IST" duration-ms="9" status="PASS">
          <params>
            <param index="0">
              <value>
                <![CDATA[https://doctube.com/watch/%E0%A4%97%E0%A4%B0-%E0%A4%AD%E0%A4%A8-%E0%A4%B0-%E0%A4%A7%E0%A4%95-%E0%A4%94%E0%A4%B0-%E0%A4%87%E0%A4%B8%E0%A4%95-%E0%A4%AA-%E0%A4%B0%E0%A4%95-%E0%A4%B0-%E0%A4%95-%E0%A4%AC-%E0%A4%B0-%E0%A4%AE-%E0%A4%9C-%E0%A4%A8_b2lxss1RYaLINGm.html/list/4x62b5nDzkdYkaw]]>
              </value>
            </param>
          </params>
          <reporter-output>
          </reporter-output>
        </test-method> <!-- fun -->
        <test-method signature="fun(java.lang.String)[pri:0, instance:com.doctube.pages.TestUrl@21de60b4]" started-at="2023-11-14T20:03:57 IST" name="fun" data-provider="webUrl" finished-at="2023-11-14T20:03:57 IST" duration-ms="8" status="PASS">
          <params>
            <param index="0">
              <value>
                <![CDATA[https://doctube.com/tag/102]]>
              </value>
            </param>
          </params>
          <reporter-output>
          </reporter-output>
        </test-method> <!-- fun -->
      </class> <!-- com.doctube.pages.TestUrl -->
      <class name="com.doctube.pages.HomepageApi">
        <test-method signature="homeLink(java.lang.String)[pri:0, instance:com.doctube.pages.HomepageApi@2dd80673]" started-at="2023-11-14T20:03:57 IST" name="homeLink" data-provider="webUrl" finished-at="2023-11-14T20:05:30 IST" duration-ms="93485" status="PASS">
          <params>
            <param index="0">
              <value>
                <![CDATA[https://www.doctube.com]]>
              </value>
            </param>
          </params>
          <reporter-output>
          </reporter-output>
        </test-method> <!-- homeLink -->
        <test-method signature="homeLink(java.lang.String)[pri:0, instance:com.doctube.pages.HomepageApi@2dd80673]" started-at="2023-11-14T20:05:30 IST" name="homeLink" data-provider="webUrl" finished-at="2023-11-14T20:05:46 IST" duration-ms="16074" status="PASS">
          <params>
            <param index="0">
              <value>
                <![CDATA[https://doctube.com/shorts]]>
              </value>
            </param>
          </params>
          <reporter-output>
          </reporter-output>
        </test-method> <!-- homeLink -->
        <test-method signature="homeLink(java.lang.String)[pri:0, instance:com.doctube.pages.HomepageApi@2dd80673]" started-at="2023-11-14T20:05:47 IST" name="homeLink" data-provider="webUrl" finished-at="2023-11-14T20:06:59 IST" duration-ms="72888" status="PASS">
          <params>
            <param index="0">
              <value>
                <![CDATA[https://doctube.com/explore]]>
              </value>
            </param>
          </params>
          <reporter-output>
          </reporter-output>
        </test-method> <!-- homeLink -->
        <test-method signature="homeLink(java.lang.String)[pri:0, instance:com.doctube.pages.HomepageApi@2dd80673]" started-at="2023-11-14T20:06:59 IST" name="homeLink" data-provider="webUrl" finished-at="2023-11-14T20:09:46 IST" duration-ms="166877" status="PASS">
          <params>
            <param index="0">
              <value>
                <![CDATA[https://doctube.com/channels]]>
              </value>
            </param>
          </params>
          <reporter-output>
          </reporter-output>
        </test-method> <!-- homeLink -->
        <test-method signature="homeLink(java.lang.String)[pri:0, instance:com.doctube.pages.HomepageApi@2dd80673]" started-at="2023-11-14T20:09:46 IST" name="homeLink" data-provider="webUrl" finished-at="2023-11-14T20:10:07 IST" duration-ms="20338" status="PASS">
          <params>
            <param index="0">
              <value>
                <![CDATA[https://doctube.com/dr-anurag-singh-thakur]]>
              </value>
            </param>
          </params>
          <reporter-output>
          </reporter-output>
        </test-method> <!-- homeLink -->
        <test-method signature="homeLink(java.lang.String)[pri:0, instance:com.doctube.pages.HomepageApi@2dd80673]" started-at="2023-11-14T20:10:07 IST" name="homeLink" data-provider="webUrl" finished-at="2023-11-14T20:10:39 IST" duration-ms="32554" status="PASS">
          <params>
            <param index="0">
              <value>
                <![CDATA[https://doctube.com/watch/%E0%A4%97%E0%A4%B0-%E0%A4%AD%E0%A4%A8-%E0%A4%B0-%E0%A4%A7%E0%A4%95-%E0%A4%94%E0%A4%B0-%E0%A4%87%E0%A4%B8%E0%A4%95-%E0%A4%AA-%E0%A4%B0%E0%A4%95-%E0%A4%B0-%E0%A4%95-%E0%A4%AC-%E0%A4%B0-%E0%A4%AE-%E0%A4%9C-%E0%A4%A8_b2lxss1RYaLINGm.html/list/4x62b5nDzkdYkaw]]>
              </value>
            </param>
          </params>
          <reporter-output>
          </reporter-output>
        </test-method> <!-- homeLink -->
        <test-method signature="homeLink(java.lang.String)[pri:0, instance:com.doctube.pages.HomepageApi@2dd80673]" started-at="2023-11-14T20:10:39 IST" name="homeLink" data-provider="webUrl" finished-at="2023-11-14T20:11:07 IST" duration-ms="27467" status="PASS">
          <params>
            <param index="0">
              <value>
                <![CDATA[https://doctube.com/tag/102]]>
              </value>
            </param>
          </params>
          <reporter-output>
          </reporter-output>
        </test-method> <!-- homeLink -->
      </class> <!-- com.doctube.pages.HomepageApi -->
    </test> <!-- Test -->
  </suite> <!-- Suite -->
</testng-results>
