<?xml version="1.0" encoding="UTF-8"?>
<testng-results ignored="0" total="7" passed="7" failed="0" skipped="0">
  <reporter-output>
  </reporter-output>
  <suite started-at="2023-11-13T16:42:16 IST" name="Default suite" finished-at="2023-11-13T16:51:09 IST" duration-ms="532823">
    <groups>
    </groups>
    <test started-at="2023-11-13T16:42:16 IST" name="Default test" finished-at="2023-11-13T16:51:09 IST" duration-ms="532823">
      <class name="com.doctube.pages.HomepageApi">
        <test-method signature="homeLink(java.lang.String)[pri:0, instance:com.doctube.pages.HomepageApi@2002348]" started-at="2023-11-13T16:42:16 IST" name="homeLink" data-provider="webUrl" finished-at="2023-11-13T16:44:25 IST" duration-ms="129137" status="PASS">
          <params>
            <param index="0">
              <value>
                <![CDATA[https://www.doctube.com]]>
              </value>
            </param>
          </params>
          <reporter-output>
          </reporter-output>
        </test-method> <!-- homeLink -->
        <test-method signature="homeLink(java.lang.String)[pri:0, instance:com.doctube.pages.HomepageApi@2002348]" started-at="2023-11-13T16:44:25 IST" name="homeLink" data-provider="webUrl" finished-at="2023-11-13T16:44:44 IST" duration-ms="19101" status="PASS">
          <params>
            <param index="0">
              <value>
                <![CDATA[https://doctube.com/shorts]]>
              </value>
            </param>
          </params>
          <reporter-output>
          </reporter-output>
        </test-method> <!-- homeLink -->
        <test-method signature="homeLink(java.lang.String)[pri:0, instance:com.doctube.pages.HomepageApi@2002348]" started-at="2023-11-13T16:44:44 IST" name="homeLink" data-provider="webUrl" finished-at="2023-11-13T16:46:27 IST" duration-ms="102758" status="PASS">
          <params>
            <param index="0">
              <value>
                <![CDATA[https://doctube.com/explore]]>
              </value>
            </param>
          </params>
          <reporter-output>
          </reporter-output>
        </test-method> <!-- homeLink -->
        <test-method signature="homeLink(java.lang.String)[pri:0, instance:com.doctube.pages.HomepageApi@2002348]" started-at="2023-11-13T16:46:27 IST" name="homeLink" data-provider="webUrl" finished-at="2023-11-13T16:49:35 IST" duration-ms="188318" status="PASS">
          <params>
            <param index="0">
              <value>
                <![CDATA[https://doctube.com/channels]]>
              </value>
            </param>
          </params>
          <reporter-output>
          </reporter-output>
        </test-method> <!-- homeLink -->
        <test-method signature="homeLink(java.lang.String)[pri:0, instance:com.doctube.pages.HomepageApi@2002348]" started-at="2023-11-13T16:49:35 IST" name="homeLink" data-provider="webUrl" finished-at="2023-11-13T16:49:59 IST" duration-ms="23708" status="PASS">
          <params>
            <param index="0">
              <value>
                <![CDATA[https://doctube.com/dr-anurag-singh-thakur]]>
              </value>
            </param>
          </params>
          <reporter-output>
          </reporter-output>
        </test-method> <!-- homeLink -->
        <test-method signature="homeLink(java.lang.String)[pri:0, instance:com.doctube.pages.HomepageApi@2002348]" started-at="2023-11-13T16:49:59 IST" name="homeLink" data-provider="webUrl" finished-at="2023-11-13T16:50:31 IST" duration-ms="32499" status="PASS">
          <params>
            <param index="0">
              <value>
                <![CDATA[https://doctube.com/watch/%E0%A4%97%E0%A4%B0-%E0%A4%AD%E0%A4%A8-%E0%A4%B0-%E0%A4%A7%E0%A4%95-%E0%A4%94%E0%A4%B0-%E0%A4%87%E0%A4%B8%E0%A4%95-%E0%A4%AA-%E0%A4%B0%E0%A4%95-%E0%A4%B0-%E0%A4%95-%E0%A4%AC-%E0%A4%B0-%E0%A4%AE-%E0%A4%9C-%E0%A4%A8_b2lxss1RYaLINGm.html/list/4x62b5nDzkdYkaw]]>
              </value>
            </param>
          </params>
          <reporter-output>
          </reporter-output>
        </test-method> <!-- homeLink -->
        <test-method signature="homeLink(java.lang.String)[pri:0, instance:com.doctube.pages.HomepageApi@2002348]" started-at="2023-11-13T16:50:31 IST" name="homeLink" data-provider="webUrl" finished-at="2023-11-13T16:51:09 IST" duration-ms="37233" status="PASS">
          <params>
            <param index="0">
              <value>
                <![CDATA[https://doctube.com/tag/102]]>
              </value>
            </param>
          </params>
          <reporter-output>
          </reporter-output>
        </test-method> <!-- homeLink -->
      </class> <!-- com.doctube.pages.HomepageApi -->
    </test> <!-- Default test -->
  </suite> <!-- Default suite -->
</testng-results>
